2023-09-26, 16:41:02 | Pattern Name : E:\HYPattern\JMW\JMWD01-60-7.bns
2023-09-26, 16:41:02 | Parameters   : 60.0 % / 60.0 kHz / 9 pls
2023-09-26, 16:41:02 | Speed & Delay: 2000.0 mm/sec / 1.0 msec / 100.0 mm/sec / 10.0 msec
2023-09-26, 16:41:02 | Origin       : X = 157.5 mm, Y = 35.8 mm
2023-09-26, 16:41:02 | Focus        : Z = 116.3 mm, D:\BNS\Backup\ezPattern\Correction\Cor_1to3_2.ctb
2023-09-26, 16:41:02 | Offset       : X = 0.0 mm, Y = 0.0 mm
2023-09-26, 16:41:02 | Thickness    : T = 0.3 mm
2023-09-26, 16:41:02 | Start Time   : 2023-09-26, 08:57:19
2023-09-26, 16:41:02 | Finish Time  : 2023-09-26, 16:41:02
2023-09-26, 16:41:02 | Process Time : 0 days, 07:43:42
2023-09-26, 16:41:02 | ----------------------------------------------------------------------
2023-11-01, 16:23:28 | Pattern Name : C:\Users\UNIMOON\Desktop\JMW\PAT-A1-JMWD012-60-7.bns
2023-11-01, 16:23:28 | Parameters   : 60.0 % / 60.0 kHz / 9 pls
2023-11-01, 16:23:28 | Speed & Delay: 2000.0 mm/sec / 1.0 msec / 100.0 mm/sec / 10.0 msec
2023-11-01, 16:23:28 | Origin       : X = 157.5 mm, Y = 35.8 mm
2023-11-01, 16:23:28 | Focus        : Z = 116.3 mm, D:\BNS\Backup\ezPattern\Correction\Cor_1to3_2.ctb
2023-11-01, 16:23:28 | Offset       : X = 0.0 mm, Y = 0.0 mm
2023-11-01, 16:23:28 | Thickness    : T = 0.3 mm
2023-11-01, 16:23:28 | Start Time   : 2023-11-01, 15:08:18
2023-11-01, 16:23:28 | Finish Time  : 2023-11-01, 16:23:28
2023-11-01, 16:23:28 | Process Time : 0 days, 01:15:09
2023-11-01, 16:23:28 | ----------------------------------------------------------------------
2023-11-01, 17:49:09 | Pattern Name : C:\Users\UNIMOON\Desktop\JMW\PAT-B1-JMWD012-60-7.bns
2023-11-01, 17:49:09 | Parameters   : 60.0 % / 60.0 kHz / 9 pls
2023-11-01, 17:49:09 | Speed & Delay: 2000.0 mm/sec / 1.0 msec / 100.0 mm/sec / 10.0 msec
2023-11-01, 17:49:09 | Origin       : X = 157.5 mm, Y = 35.8 mm
2023-11-01, 17:49:09 | Focus        : Z = 116.3 mm, D:\BNS\Backup\ezPattern\Correction\Cor_1to3_2.ctb
2023-11-01, 17:49:09 | Offset       : X = 0.0 mm, Y = 0.0 mm
2023-11-01, 17:49:09 | Thickness    : T = 0.3 mm
2023-11-01, 17:49:09 | Start Time   : 2023-11-01, 16:23:28
2023-11-01, 17:49:09 | Finish Time  : 2023-11-01, 17:49:09
2023-11-01, 17:49:09 | Process Time : 0 days, 01:25:41
2023-11-01, 17:49:09 | ----------------------------------------------------------------------
2023-11-17, 10:31:04 | Pattern Name : E:\HYPattern\JMW\190-250-2t-1side\PAT-JMWD012-60-7-A2.bns
2023-11-17, 10:31:04 | Parameters   : 60.0 % / 60.0 kHz / 9 pls
2023-11-17, 10:31:04 | Speed & Delay: 2000.0 mm/sec / 1.0 msec / 100.0 mm/sec / 10.0 msec
2023-11-17, 10:31:04 | Origin       : X = 157.5 mm, Y = 35.8 mm
2023-11-17, 10:31:04 | Focus        : Z = 116.3 mm, D:\BNS\Backup\ezPattern\Correction\Cor_1to3_2.ctb
2023-11-17, 10:31:04 | Offset       : X = 0.0 mm, Y = 0.0 mm
2023-11-17, 10:31:04 | Thickness    : T = 0.3 mm
2023-11-17, 10:31:04 | Start Time   : 2023-11-17, 09:11:04
2023-11-17, 10:31:04 | Finish Time  : 2023-11-17, 10:31:04
2023-11-17, 10:31:04 | Process Time : 0 days, 01:20:00
2023-11-17, 10:31:04 | ----------------------------------------------------------------------
2023-11-17, 16:22:47 | Pattern Name : C:\Users\UNIMOON\Desktop\PAT-JMW215-60-7-A1.bns
2023-11-17, 16:22:47 | Parameters   : 60.0 % / 60.0 kHz / 9 pls
2023-11-17, 16:22:47 | Speed & Delay: 2000.0 mm/sec / 1.0 msec / 100.0 mm/sec / 10.0 msec
2023-11-17, 16:22:47 | Origin       : X = 157.5 mm, Y = 35.8 mm
2023-11-17, 16:22:47 | Focus        : Z = 116.3 mm, D:\BNS\Backup\ezPattern\Correction\Cor_1to3_2.ctb
2023-11-17, 16:22:47 | Offset       : X = 0.0 mm, Y = 0.0 mm
2023-11-17, 16:22:47 | Thickness    : T = 0.3 mm
2023-11-17, 16:22:47 | Start Time   : 2023-11-17, 12:12:23
2023-11-17, 16:22:47 | Finish Time  : 2023-11-17, 16:22:47
2023-11-17, 16:22:47 | Process Time : 0 days, 04:10:24
2023-11-17, 16:22:47 | ----------------------------------------------------------------------
2023-11-25, 02:21:47 | Pattern Name : E:\HYPattern\JMW\11-24\PAT-JMW315-75-7-A1.bns
2023-11-25, 02:21:48 | Parameters   : 60.0 % / 60.0 kHz / 9 pls
2023-11-25, 02:21:48 | Speed & Delay: 2000.0 mm/sec / 1.0 msec / 100.0 mm/sec / 10.0 msec
2023-11-25, 02:21:48 | Origin       : X = 157.5 mm, Y = 35.8 mm
2023-11-25, 02:21:48 | Focus        : Z = 116.3 mm, D:\BNS\Backup\ezPattern\Correction\Cor_1to3_2.ctb
2023-11-25, 02:21:48 | Offset       : X = 0.0 mm, Y = 0.0 mm
2023-11-25, 02:21:48 | Thickness    : T = 0.3 mm
2023-11-25, 02:21:48 | Start Time   : 2023-11-24, 20:04:01
2023-11-25, 02:21:48 | Finish Time  : 2023-11-25, 02:21:47
2023-11-25, 02:21:48 | Process Time : 0 days, 06:17:46
2023-11-25, 02:21:48 | ----------------------------------------------------------------------
2023-11-26, 03:37:50 | Pattern Name : E:\HYPattern\JMW\11-25\PAT-JMWD032-73-7-A2.bns
2023-11-26, 03:37:50 | Parameters   : 60.0 % / 60.0 kHz / 9 pls
2023-11-26, 03:37:50 | Speed & Delay: 2000.0 mm/sec / 1.0 msec / 100.0 mm/sec / 10.0 msec
2023-11-26, 03:37:50 | Origin       : X = 157.5 mm, Y = 35.8 mm
2023-11-26, 03:37:50 | Focus        : Z = 116.3 mm, D:\BNS\Backup\ezPattern\Correction\Cor_1to3_2.ctb
2023-11-26, 03:37:50 | Offset       : X = 0.0 mm, Y = 0.0 mm
2023-11-26, 03:37:50 | Thickness    : T = 0.3 mm
2023-11-26, 03:37:50 | Start Time   : 2023-11-25, 20:52:40
2023-11-26, 03:37:50 | Finish Time  : 2023-11-26, 03:37:50
2023-11-26, 03:37:50 | Process Time : 0 days, 06:45:10
2023-11-26, 03:37:50 | ----------------------------------------------------------------------
2023-11-27, 11:32:41 | Pattern Name : E:\HYPattern\JMW\190-250-2t-1side\11-27\PAT-JMWD012-60-7-A3.bns
2023-11-27, 11:32:41 | Parameters   : 60.0 % / 60.0 kHz / 9 pls
2023-11-27, 11:32:41 | Speed & Delay: 2000.0 mm/sec / 1.0 msec / 100.0 mm/sec / 10.0 msec
2023-11-27, 11:32:41 | Origin       : X = 157.5 mm, Y = 35.8 mm
2023-11-27, 11:32:41 | Focus        : Z = 116.3 mm, D:\BNS\Backup\ezPattern\Correction\Cor_1to3_2.ctb
2023-11-27, 11:32:41 | Offset       : X = 0.0 mm, Y = 0.0 mm
2023-11-27, 11:32:41 | Thickness    : T = 0.3 mm
2023-11-27, 11:32:41 | Start Time   : 2023-11-27, 10:12:39
2023-11-27, 11:32:41 | Finish Time  : 2023-11-27, 11:32:41
2023-11-27, 11:32:41 | Process Time : 0 days, 01:20:02
2023-11-27, 11:32:41 | ----------------------------------------------------------------------
2023-11-29, 02:06:36 | Pattern Name : E:\HYPattern\JMW\11-28\PAT-JMWD032-71-7-A3.bns
2023-11-29, 02:06:36 | Parameters   : 60.0 % / 60.0 kHz / 9 pls
2023-11-29, 02:06:36 | Speed & Delay: 2000.0 mm/sec / 1.0 msec / 100.0 mm/sec / 10.0 msec
2023-11-29, 02:06:36 | Origin       : X = 157.5 mm, Y = 35.8 mm
2023-11-29, 02:06:36 | Focus        : Z = 116.3 mm, D:\BNS\Backup\ezPattern\Correction\Cor_1to3_2.ctb
2023-11-29, 02:06:36 | Offset       : X = 0.0 mm, Y = 0.0 mm
2023-11-29, 02:06:36 | Thickness    : T = 0.3 mm
2023-11-29, 02:06:36 | Start Time   : 2023-11-28, 19:04:54
2023-11-29, 02:06:36 | Finish Time  : 2023-11-29, 02:06:36
2023-11-29, 02:06:36 | Process Time : 0 days, 07:01:41
2023-11-29, 02:06:36 | ----------------------------------------------------------------------
2023-12-06, 18:26:29 | Pattern Name : E:\HYPattern\JMW\12-06\PAT-JMWD032-71-7-A4.bns
2023-12-06, 18:26:29 | Parameters   : 60.0 % / 60.0 kHz / 9 pls
2023-12-06, 18:26:29 | Speed & Delay: 2000.0 mm/sec / 1.0 msec / 100.0 mm/sec / 10.0 msec
2023-12-06, 18:26:29 | Origin       : X = 157.5 mm, Y = 35.8 mm
2023-12-06, 18:26:29 | Focus        : Z = 116.3 mm, D:\BNS\Backup\ezPattern\Correction\Cor_1to3_2.ctb
2023-12-06, 18:26:29 | Offset       : X = 0.0 mm, Y = 0.0 mm
2023-12-06, 18:26:29 | Thickness    : T = 0.3 mm
2023-12-06, 18:26:29 | Start Time   : 2023-12-06, 11:21:21
2023-12-06, 18:26:29 | Finish Time  : 2023-12-06, 18:26:29
2023-12-06, 18:26:29 | Process Time : 0 days, 07:05:07
2023-12-06, 18:26:29 | ----------------------------------------------------------------------
2023-12-07, 17:12:28 | Pattern Name : E:\HYPattern\JMW\12-07\PAT--JMWD019-60-7-A1(1).bns
2023-12-07, 17:12:28 | Parameters   : 60.0 % / 60.0 kHz / 9 pls
2023-12-07, 17:12:28 | Speed & Delay: 2000.0 mm/sec / 1.0 msec / 100.0 mm/sec / 10.0 msec
2023-12-07, 17:12:28 | Origin       : X = 157.5 mm, Y = 35.8 mm
2023-12-07, 17:12:28 | Focus        : Z = 116.3 mm, D:\BNS\Backup\ezPattern\Correction\Cor_1to3_2.ctb
2023-12-07, 17:12:28 | Offset       : X = 0.0 mm, Y = 0.0 mm
2023-12-07, 17:12:28 | Thickness    : T = 0.3 mm
2023-12-07, 17:12:28 | Start Time   : 2023-12-07, 14:37:23
2023-12-07, 17:12:28 | Finish Time  : 2023-12-07, 17:12:28
2023-12-07, 17:12:28 | Process Time : 0 days, 02:35:05
2023-12-07, 17:12:28 | ----------------------------------------------------------------------
2023-12-26, 14:04:06 | Pattern Name : C:\Users\UNIMOON\Desktop\JMWD019-71-A3.bns
2023-12-26, 14:04:06 | Parameters   : 60.0 % / 55.0 kHz / 12 pls
2023-12-26, 14:04:06 | Speed & Delay: 2000.0 mm/sec / 1.0 msec / 100.0 mm/sec / 10.0 msec
2023-12-26, 14:04:06 | Origin       : X = 157.5 mm, Y = 35.8 mm
2023-12-26, 14:04:06 | Focus        : Z = 116.3 mm, D:\BNS\Backup\ezPattern\Correction\Cor_1to3_2.ctb
2023-12-26, 14:04:06 | Offset       : X = 0.0 mm, Y = 0.0 mm
2023-12-26, 14:04:06 | Thickness    : T = 0.3 mm
2023-12-26, 14:04:06 | Start Time   : 2023-12-26, 11:15:04
2023-12-26, 14:04:06 | Finish Time  : 2023-12-26, 14:04:06
2023-12-26, 14:04:06 | Process Time : 0 days, 02:49:01
2023-12-26, 14:04:06 | ----------------------------------------------------------------------
2024-01-11, 11:25:59 | Pattern Name : E:\HYPattern\JMW\1-11\346-281\JMWD017-71-A1.bns
2024-01-11, 11:25:59 | Parameters   : 60.0 % / 60.0 kHz / 9 pls
2024-01-11, 11:25:59 | Speed & Delay: 2000.0 mm/sec / 1.0 msec / 100.0 mm/sec / 10.0 msec
2024-01-11, 11:25:59 | Origin       : X = 157.5 mm, Y = 35.8 mm
2024-01-11, 11:25:59 | Focus        : Z = 116.3 mm, D:\BNS\Backup\ezPattern\Correction\Cor_1to3_2.ctb
2024-01-11, 11:25:59 | Offset       : X = 0.0 mm, Y = 0.0 mm
2024-01-11, 11:25:59 | Thickness    : T = 0.3 mm
2024-01-11, 11:25:59 | Start Time   : 2024-01-11, 09:06:36
2024-01-11, 11:25:59 | Finish Time  : 2024-01-11, 11:25:59
2024-01-11, 11:25:59 | Process Time : 0 days, 02:19:22
2024-01-11, 11:25:59 | ----------------------------------------------------------------------
2024-01-19, 11:37:37 | Pattern Name : E:\HYPattern\JMW\JMWY21.5-69-PMMA2.5T-A1.bns
2024-01-19, 11:37:37 | Parameters   : 60.0 % / 60.0 kHz / 9 pls
2024-01-19, 11:37:37 | Speed & Delay: 2000.0 mm/sec / 1.0 msec / 100.0 mm/sec / 10.0 msec
2024-01-19, 11:37:37 | Origin       : X = 157.5 mm, Y = 35.8 mm
2024-01-19, 11:37:37 | Focus        : Z = 116.3 mm, D:\BNS\Backup\ezPattern\Correction\Cor_1to3_2.ctb
2024-01-19, 11:37:37 | Offset       : X = 0.0 mm, Y = 0.0 mm
2024-01-19, 11:37:37 | Thickness    : T = 0.3 mm
2024-01-19, 11:37:37 | Start Time   : 2024-01-19, 08:13:11
2024-01-19, 11:37:37 | Finish Time  : 2024-01-19, 11:37:37
2024-01-19, 11:37:37 | Process Time : 0 days, 03:24:25
2024-01-19, 11:37:37 | ----------------------------------------------------------------------
2024-01-23, 22:22:15 | Pattern Name : E:\HYPattern\JMW\1-23\706-396.5-2.3t\JDZC32A-71-2.3T-A1.bns
2024-01-23, 22:22:15 | Parameters   : 60.0 % / 60.0 kHz / 9 pls
2024-01-23, 22:22:15 | Speed & Delay: 2000.0 mm/sec / 1.0 msec / 100.0 mm/sec / 10.0 msec
2024-01-23, 22:22:15 | Origin       : X = 157.5 mm, Y = 35.8 mm
2024-01-23, 22:22:15 | Focus        : Z = 116.3 mm, D:\BNS\Backup\ezPattern\Correction\Cor_1to3_2.ctb
2024-01-23, 22:22:15 | Offset       : X = 0.0 mm, Y = 0.0 mm
2024-01-23, 22:22:15 | Thickness    : T = 0.3 mm
2024-01-23, 22:22:15 | Start Time   : 2024-01-23, 15:43:00
2024-01-23, 22:22:15 | Finish Time  : 2024-01-23, 22:22:15
2024-01-23, 22:22:15 | Process Time : 0 days, 06:39:15
2024-01-23, 22:22:15 | ----------------------------------------------------------------------
2024-01-24, 18:39:27 | Pattern Name : E:\HYPattern\JMW\1-24\JMWYN 18.5-PMMA-70-A2.bns
2024-01-24, 18:39:28 | Parameters   : 60.0 % / 60.0 kHz / 9 pls
2024-01-24, 18:39:28 | Speed & Delay: 2000.0 mm/sec / 1.0 msec / 100.0 mm/sec / 10.0 msec
2024-01-24, 18:39:28 | Origin       : X = 157.5 mm, Y = 35.8 mm
2024-01-24, 18:39:28 | Focus        : Z = 116.3 mm, D:\BNS\Backup\ezPattern\Correction\Cor_1to3_2.ctb
2024-01-24, 18:39:28 | Offset       : X = 0.0 mm, Y = 0.0 mm
2024-01-24, 18:39:28 | Thickness    : T = 0.3 mm
2024-01-24, 18:39:28 | Start Time   : 2024-01-24, 15:17:30
2024-01-24, 18:39:28 | Finish Time  : 2024-01-24, 18:39:27
2024-01-24, 18:39:28 | Process Time : 0 days, 03:21:57
2024-01-24, 18:39:28 | ----------------------------------------------------------------------
2024-01-26, 11:29:51 | Pattern Name : E:\HYPattern\JMW\1-25\JMW18502-72-A4.bns
2024-01-26, 11:29:51 | Parameters   : 60.0 % / 60.0 kHz / 9 pls
2024-01-26, 11:29:51 | Speed & Delay: 2000.0 mm/sec / 1.0 msec / 100.0 mm/sec / 10.0 msec
2024-01-26, 11:29:51 | Origin       : X = 157.5 mm, Y = 35.8 mm
2024-01-26, 11:29:51 | Focus        : Z = 116.3 mm, D:\BNS\Backup\ezPattern\Correction\Cor_1to3_2.ctb
2024-01-26, 11:29:51 | Offset       : X = 0.0 mm, Y = 0.0 mm
2024-01-26, 11:29:51 | Thickness    : T = 0.3 mm
2024-01-26, 11:29:51 | Start Time   : 2024-01-26, 08:36:20
2024-01-26, 11:29:51 | Finish Time  : 2024-01-26, 11:29:51
2024-01-26, 11:29:51 | Process Time : 0 days, 02:53:30
2024-01-26, 11:29:51 | ----------------------------------------------------------------------
2024-02-20, 12:51:24 | Pattern Name : E:\HYPattern\JMW\2-20\JMW-JDZG2201-71-A1.bns
2024-02-20, 12:51:24 | Parameters   : 60.0 % / 60.0 kHz / 9 pls
2024-02-20, 12:51:24 | Speed & Delay: 2000.0 mm/sec / 1.0 msec / 100.0 mm/sec / 10.0 msec
2024-02-20, 12:51:24 | Origin       : X = 157.5 mm, Y = 35.8 mm
2024-02-20, 12:51:24 | Focus        : Z = 116.3 mm, D:\BNS\Backup\ezPattern\Correction\Cor_1to3_2.ctb
2024-02-20, 12:51:24 | Offset       : X = 0.0 mm, Y = 0.0 mm
2024-02-20, 12:51:24 | Thickness    : T = 0.3 mm
2024-02-20, 12:51:24 | Start Time   : 2024-02-20, 09:14:57
2024-02-20, 12:51:24 | Finish Time  : 2024-02-20, 12:51:24
2024-02-20, 12:51:24 | Process Time : 0 days, 03:36:26
2024-02-20, 12:51:24 | ----------------------------------------------------------------------
2024-02-26, 23:21:32 | Pattern Name : E:\HYPattern\JMW\2-27\JMWYN 18.5-PMMA-2.5-70-A2(1).bns
2024-02-26, 23:21:32 | Parameters   : 60.0 % / 60.0 kHz / 9 pls
2024-02-26, 23:21:32 | Speed & Delay: 2000.0 mm/sec / 1.0 msec / 100.0 mm/sec / 10.0 msec
2024-02-26, 23:21:32 | Origin       : X = 157.5 mm, Y = 35.8 mm
2024-02-26, 23:21:32 | Focus        : Z = 116.3 mm, D:\BNS\Backup\ezPattern\Correction\Cor_1to3_2.ctb
2024-02-26, 23:21:32 | Offset       : X = 0.0 mm, Y = 0.0 mm
2024-02-26, 23:21:32 | Thickness    : T = 0.3 mm
2024-02-26, 23:21:32 | Start Time   : 2024-02-26, 20:01:05
2024-02-26, 23:21:32 | Finish Time  : 2024-02-26, 23:21:32
2024-02-26, 23:21:32 | Process Time : 0 days, 03:20:26
2024-02-26, 23:21:32 | ----------------------------------------------------------------------
2024-02-27, 20:32:39 | Pattern Name : E:\HYPattern\JMW\2-27\JMW-GR-215-1.8-71-A1.bns
2024-02-27, 20:32:39 | Parameters   : 60.0 % / 60.0 kHz / 9 pls
2024-02-27, 20:32:39 | Speed & Delay: 2000.0 mm/sec / 1.0 msec / 100.0 mm/sec / 10.0 msec
2024-02-27, 20:32:39 | Origin       : X = 157.5 mm, Y = 35.8 mm
2024-02-27, 20:32:39 | Focus        : Z = 116.3 mm, D:\BNS\Backup\ezPattern\Correction\Cor_1to3_2.ctb
2024-02-27, 20:32:39 | Offset       : X = 0.0 mm, Y = 0.0 mm
2024-02-27, 20:32:39 | Thickness    : T = 0.3 mm
2024-02-27, 20:32:39 | Start Time   : 2024-02-27, 16:54:05
2024-02-27, 20:32:39 | Finish Time  : 2024-02-27, 20:32:39
2024-02-27, 20:32:39 | Process Time : 0 days, 03:38:33
2024-02-27, 20:32:39 | ----------------------------------------------------------------------
2024-03-01, 00:38:44 | Pattern Name : E:\HYPattern\JMW\2-29\JMW-DZC32A-71-2.3-A2.bns
2024-03-01, 00:38:44 | Parameters   : 60.0 % / 60.0 kHz / 9 pls
2024-03-01, 00:38:44 | Speed & Delay: 2000.0 mm/sec / 1.0 msec / 100.0 mm/sec / 10.0 msec
2024-03-01, 00:38:44 | Origin       : X = 157.5 mm, Y = 35.8 mm
2024-03-01, 00:38:44 | Focus        : Z = 116.3 mm, D:\BNS\Backup\ezPattern\Correction\Cor_1to3_2.ctb
2024-03-01, 00:38:44 | Offset       : X = 0.0 mm, Y = 0.0 mm
2024-03-01, 00:38:44 | Thickness    : T = 0.3 mm
2024-03-01, 00:38:44 | Start Time   : 2024-02-29, 17:57:06
2024-03-01, 00:38:44 | Finish Time  : 2024-03-01, 00:38:44
2024-03-01, 00:38:44 | Process Time : 0 days, 06:41:37
2024-03-01, 00:38:44 | ----------------------------------------------------------------------
2024-03-01, 11:40:57 | Pattern Name : E:\HYPattern\JMW\2-29\JMW-SSD18.5-3-70-A1.bns
2024-03-01, 11:40:57 | Parameters   : 60.0 % / 60.0 kHz / 9 pls
2024-03-01, 11:40:57 | Speed & Delay: 2000.0 mm/sec / 1.0 msec / 100.0 mm/sec / 10.0 msec
2024-03-01, 11:40:57 | Origin       : X = 157.5 mm, Y = 35.8 mm
2024-03-01, 11:40:57 | Focus        : Z = 116.3 mm, D:\BNS\Backup\ezPattern\Correction\Cor_1to3_2.ctb
2024-03-01, 11:40:57 | Offset       : X = 0.0 mm, Y = 0.0 mm
2024-03-01, 11:40:57 | Thickness    : T = 0.3 mm
2024-03-01, 11:40:57 | Start Time   : 2024-03-01, 08:02:24
2024-03-01, 11:40:57 | Finish Time  : 2024-03-01, 11:40:57
2024-03-01, 11:40:57 | Process Time : 0 days, 03:38:33
2024-03-01, 11:40:57 | ----------------------------------------------------------------------
2024-03-06, 18:09:57 | Pattern Name : E:\HYPattern\JMW\3-6\JMW-YSN32-PS-71-2-A1.bns
2024-03-06, 18:09:57 | Parameters   : 60.0 % / 60.0 kHz / 9 pls
2024-03-06, 18:09:57 | Speed & Delay: 2000.0 mm/sec / 1.0 msec / 100.0 mm/sec / 10.0 msec
2024-03-06, 18:09:57 | Origin       : X = 157.5 mm, Y = 135.8 mm
2024-03-06, 18:09:57 | Focus        : Z = 116.3 mm, D:\BNS\Backup\ezPattern\Correction\Cor_1to3_2.ctb
2024-03-06, 18:09:57 | Offset       : X = 0.0 mm, Y = 0.0 mm
2024-03-06, 18:09:57 | Thickness    : T = 0.3 mm
2024-03-06, 18:09:57 | Start Time   : 2024-03-06, 11:31:54
2024-03-06, 18:09:57 | Finish Time  : 2024-03-06, 18:09:57
2024-03-06, 18:09:57 | Process Time : 0 days, 06:38:03
2024-03-06, 18:09:57 | ----------------------------------------------------------------------
2024-03-14, 02:30:01 | Pattern Name : E:\HYPattern\JMW\3-13\JMW-DZM23.8-71-2-PS-A1.bns
2024-03-14, 02:30:01 | Parameters   : 60.0 % / 60.0 kHz / 9 pls
2024-03-14, 02:30:01 | Speed & Delay: 2000.0 mm/sec / 1.0 msec / 100.0 mm/sec / 10.0 msec
2024-03-14, 02:30:01 | Origin       : X = 157.5 mm, Y = 35.8 mm
2024-03-14, 02:30:01 | Focus        : Z = 116.3 mm, D:\BNS\Backup\ezPattern\Correction\Cor_1to3_2.ctb
2024-03-14, 02:30:01 | Offset       : X = 0.0 mm, Y = 0.0 mm
2024-03-14, 02:30:01 | Thickness    : T = 0.3 mm
2024-03-14, 02:30:01 | Start Time   : 2024-03-13, 22:18:01
2024-03-14, 02:30:01 | Finish Time  : 2024-03-14, 02:30:01
2024-03-14, 02:30:01 | Process Time : 0 days, 04:12:00
2024-03-14, 02:30:01 | ----------------------------------------------------------------------
2024-03-14, 21:08:44 | Pattern Name : E:\HYPattern\JMW\3-13\JMW-HPX17-71-2-A1.bns
2024-03-14, 21:08:44 | Parameters   : 60.0 % / 60.0 kHz / 9 pls
2024-03-14, 21:08:44 | Speed & Delay: 2000.0 mm/sec / 1.0 msec / 100.0 mm/sec / 10.0 msec
2024-03-14, 21:08:44 | Origin       : X = 157.5 mm, Y = 35.8 mm
2024-03-14, 21:08:44 | Focus        : Z = 116.3 mm, D:\BNS\Backup\ezPattern\Correction\Cor_1to3_2.ctb
2024-03-14, 21:08:44 | Offset       : X = 0.0 mm, Y = 0.0 mm
2024-03-14, 21:08:44 | Thickness    : T = 0.3 mm
2024-03-14, 21:08:44 | Start Time   : 2024-03-14, 18:42:21
2024-03-14, 21:08:44 | Finish Time  : 2024-03-14, 21:08:44
2024-03-14, 21:08:44 | Process Time : 0 days, 02:26:23
2024-03-14, 21:08:44 | ----------------------------------------------------------------------
2024-03-15, 12:22:10 | Pattern Name : E:\HYPattern\JMW\3-13\JMW-YN1-21.5-71-2-MS-A1.bns
2024-03-15, 12:22:10 | Parameters   : 60.0 % / 60.0 kHz / 9 pls
2024-03-15, 12:22:10 | Speed & Delay: 2000.0 mm/sec / 1.0 msec / 100.0 mm/sec / 10.0 msec
2024-03-15, 12:22:10 | Origin       : X = 157.5 mm, Y = 35.8 mm
2024-03-15, 12:22:10 | Focus        : Z = 116.3 mm, D:\BNS\Backup\ezPattern\Correction\Cor_1to3_2.ctb
2024-03-15, 12:22:10 | Offset       : X = 0.0 mm, Y = 0.0 mm
2024-03-15, 12:22:10 | Thickness    : T = 0.3 mm
2024-03-15, 12:22:10 | Start Time   : 2024-03-15, 08:03:17
2024-03-15, 12:22:10 | Finish Time  : 2024-03-15, 12:22:10
2024-03-15, 12:22:10 | Process Time : 0 days, 04:18:52
2024-03-15, 12:22:10 | ----------------------------------------------------------------------
2024-03-30, 13:43:18 | Pattern Name : E:\HYPattern\JMW\3-30\JMW-YN21.5-71-2-MS-A2.bns
2024-03-30, 13:43:18 | Parameters   : 60.0 % / 60.0 kHz / 9 pls
2024-03-30, 13:43:18 | Speed & Delay: 2000.0 mm/sec / 1.0 msec / 100.0 mm/sec / 10.0 msec
2024-03-30, 13:43:18 | Origin       : X = 157.5 mm, Y = 35.8 mm
2024-03-30, 13:43:18 | Focus        : Z = 116.3 mm, D:\BNS\Backup\ezPattern\Correction\Cor_1to3_2.ctb
2024-03-30, 13:43:18 | Offset       : X = 0.0 mm, Y = 0.0 mm
2024-03-30, 13:43:18 | Thickness    : T = 0.3 mm
2024-03-30, 13:43:18 | Start Time   : 2024-03-30, 09:29:35
2024-03-30, 13:43:18 | Finish Time  : 2024-03-30, 13:43:18
2024-03-30, 13:43:18 | Process Time : 0 days, 04:13:42
2024-03-30, 13:43:18 | ----------------------------------------------------------------------
2024-03-30, 19:39:02 | Pattern Name : E:\HYPattern\JMW\3-30\JMW-DZM23.8-71-2-PS-A2.bns
2024-03-30, 19:39:02 | Parameters   : 60.0 % / 60.0 kHz / 9 pls
2024-03-30, 19:39:02 | Speed & Delay: 2000.0 mm/sec / 1.0 msec / 100.0 mm/sec / 10.0 msec
2024-03-30, 19:39:02 | Origin       : X = 157.5 mm, Y = 35.8 mm
2024-03-30, 19:39:02 | Focus        : Z = 116.3 mm, D:\BNS\Backup\ezPattern\Correction\Cor_1to3_2.ctb
2024-03-30, 19:39:02 | Offset       : X = 0.0 mm, Y = 0.0 mm
2024-03-30, 19:39:02 | Thickness    : T = 0.3 mm
2024-03-30, 19:39:02 | Start Time   : 2024-03-30, 15:27:20
2024-03-30, 19:39:02 | Finish Time  : 2024-03-30, 19:39:02
2024-03-30, 19:39:02 | Process Time : 0 days, 04:11:41
2024-03-30, 19:39:02 | ----------------------------------------------------------------------
2024-03-30, 21:52:30 | Pattern Name : E:\HYPattern\JMW\3-30\JMW-HPX17-71-2-PMMA-A2.bns
2024-03-30, 21:52:30 | Parameters   : 60.0 % / 60.0 kHz / 9 pls
2024-03-30, 21:52:30 | Speed & Delay: 2000.0 mm/sec / 1.0 msec / 100.0 mm/sec / 10.0 msec
2024-03-30, 21:52:30 | Origin       : X = 157.5 mm, Y = 35.8 mm
2024-03-30, 21:52:30 | Focus        : Z = 116.3 mm, D:\BNS\Backup\ezPattern\Correction\Cor_1to3_2.ctb
2024-03-30, 21:52:30 | Offset       : X = 0.0 mm, Y = 0.0 mm
2024-03-30, 21:52:30 | Thickness    : T = 0.3 mm
2024-03-30, 21:52:30 | Start Time   : 2024-03-30, 20:35:54
2024-03-30, 21:52:30 | Finish Time  : 2024-03-30, 21:52:30
2024-03-30, 21:52:30 | Process Time : 0 days, 01:16:35
2024-03-30, 21:52:30 | ----------------------------------------------------------------------
2024-04-02, 17:28:32 | Pattern Name : E:\HYPattern\JMW\3-30\JMW-HPX17-71-2-PMMA-A2.bns
2024-04-02, 17:28:32 | Parameters   : 60.0 % / 60.0 kHz / 9 pls
2024-04-02, 17:28:32 | Speed & Delay: 2000.0 mm/sec / 1.0 msec / 100.0 mm/sec / 10.0 msec
2024-04-02, 17:28:32 | Origin       : X = 157.5 mm, Y = 35.8 mm
2024-04-02, 17:28:32 | Focus        : Z = 116.3 mm, D:\BNS\Backup\ezPattern\Correction\Cor_1to3_2.ctb
2024-04-02, 17:28:32 | Offset       : X = 0.0 mm, Y = 0.0 mm
2024-04-02, 17:28:32 | Thickness    : T = 0.3 mm
2024-04-02, 17:28:32 | Start Time   : 2024-04-02, 14:57:14
2024-04-02, 17:28:32 | Finish Time  : 2024-04-02, 17:28:32
2024-04-02, 17:28:32 | Process Time : 0 days, 02:31:18
2024-04-02, 17:28:32 | ----------------------------------------------------------------------
2024-04-07, 12:39:47 | Pattern Name : E:\HYPattern\JMW\4-7\JMW-DZM23.8-71-2-PS-A3.bns
2024-04-07, 12:39:47 | Parameters   : 60.0 % / 60.0 kHz / 9 pls
2024-04-07, 12:39:47 | Speed & Delay: 2000.0 mm/sec / 1.0 msec / 100.0 mm/sec / 10.0 msec
2024-04-07, 12:39:47 | Origin       : X = 157.5 mm, Y = 35.8 mm
2024-04-07, 12:39:47 | Focus        : Z = 116.3 mm, D:\BNS\Backup\ezPattern\Correction\Cor_1to3_2.ctb
2024-04-07, 12:39:47 | Offset       : X = 0.0 mm, Y = 0.0 mm
2024-04-07, 12:39:47 | Thickness    : T = 0.3 mm
2024-04-07, 12:39:47 | Start Time   : 2024-04-07, 08:25:38
2024-04-07, 12:39:47 | Finish Time  : 2024-04-07, 12:39:47
2024-04-07, 12:39:47 | Process Time : 0 days, 04:14:08
2024-04-07, 12:39:47 | ----------------------------------------------------------------------
2024-04-21, 12:35:31 | Pattern Name : E:\HYPattern\JMW\4-21\JMW-SSD18.5-3-70-A2.bns
2024-04-21, 12:35:31 | Parameters   : 60.0 % / 60.0 kHz / 9 pls
2024-04-21, 12:35:31 | Speed & Delay: 2000.0 mm/sec / 1.0 msec / 100.0 mm/sec / 10.0 msec
2024-04-21, 12:35:31 | Origin       : X = 157.5 mm, Y = 35.8 mm
2024-04-21, 12:35:31 | Focus        : Z = 116.3 mm, D:\BNS\Backup\ezPattern\Correction\Cor_1to3_2.ctb
2024-04-21, 12:35:31 | Offset       : X = 0.0 mm, Y = 0.0 mm
2024-04-21, 12:35:31 | Thickness    : T = 0.3 mm
2024-04-21, 12:35:31 | Start Time   : 2024-04-21, 09:03:14
2024-04-21, 12:35:31 | Finish Time  : 2024-04-21, 12:35:31
2024-04-21, 12:35:31 | Process Time : 0 days, 03:32:16
2024-04-21, 12:35:31 | ----------------------------------------------------------------------
2024-04-22, 12:06:35 | Pattern Name : E:\HYPattern\JMW\4-21\JMW-YN21.5-71-2-MS-A3.bns
2024-04-22, 12:06:35 | Parameters   : 60.0 % / 60.0 kHz / 9 pls
2024-04-22, 12:06:35 | Speed & Delay: 2000.0 mm/sec / 1.0 msec / 100.0 mm/sec / 10.0 msec
2024-04-22, 12:06:35 | Origin       : X = 157.5 mm, Y = 35.8 mm
2024-04-22, 12:06:35 | Focus        : Z = 116.3 mm, D:\BNS\Backup\ezPattern\Correction\Cor_1to3_2.ctb
2024-04-22, 12:06:35 | Offset       : X = 0.0 mm, Y = 0.0 mm
2024-04-22, 12:06:35 | Thickness    : T = 0.3 mm
2024-04-22, 12:06:35 | Start Time   : 2024-04-22, 08:09:28
2024-04-22, 12:06:35 | Finish Time  : 2024-04-22, 12:06:35
2024-04-22, 12:06:35 | Process Time : 0 days, 03:57:07
2024-04-22, 12:06:35 | ----------------------------------------------------------------------
2024-04-25, 20:10:18 | Pattern Name : E:\HYPattern\JMW\4-25\JMW-HPX17-71-2-PMMA-A3.bns
2024-04-25, 20:10:18 | Parameters   : 60.0 % / 60.0 kHz / 9 pls
2024-04-25, 20:10:18 | Speed & Delay: 2000.0 mm/sec / 1.0 msec / 100.0 mm/sec / 10.0 msec
2024-04-25, 20:10:18 | Origin       : X = 157.5 mm, Y = 35.8 mm
2024-04-25, 20:10:18 | Focus        : Z = 116.3 mm, D:\BNS\Backup\ezPattern\Correction\Cor_1to3_2.ctb
2024-04-25, 20:10:18 | Offset       : X = 0.0 mm, Y = 0.0 mm
2024-04-25, 20:10:18 | Thickness    : T = 0.3 mm
2024-04-25, 20:10:18 | Start Time   : 2024-04-25, 17:06:26
2024-04-25, 20:10:18 | Finish Time  : 2024-04-25, 20:10:18
2024-04-25, 20:10:18 | Process Time : 0 days, 03:03:52
2024-04-25, 20:10:18 | ----------------------------------------------------------------------
2024-05-07, 11:25:53 | Pattern Name : E:\HYPattern\JMW\5-7\JMW-HPX17-71-2-PMMA-A4.bns
2024-05-07, 11:25:53 | Parameters   : 60.0 % / 60.0 kHz / 9 pls
2024-05-07, 11:25:53 | Speed & Delay: 2000.0 mm/sec / 1.0 msec / 100.0 mm/sec / 10.0 msec
2024-05-07, 11:25:53 | Origin       : X = 157.5 mm, Y = 35.8 mm
2024-05-07, 11:25:53 | Focus        : Z = 116.3 mm, D:\BNS\Backup\ezPattern\Correction\Cor_1to3_2.ctb
2024-05-07, 11:25:53 | Offset       : X = 0.0 mm, Y = 0.0 mm
2024-05-07, 11:25:53 | Thickness    : T = 0.3 mm
2024-05-07, 11:25:53 | Start Time   : 2024-05-07, 08:29:52
2024-05-07, 11:25:53 | Finish Time  : 2024-05-07, 11:25:53
2024-05-07, 11:25:53 | Process Time : 0 days, 02:56:00
2024-05-07, 11:25:53 | ----------------------------------------------------------------------
2024-05-07, 21:19:26 | Pattern Name : E:\HYPattern\JMW\5-7\JMW-HPX17-71-2-PMMA-A5.bns
2024-05-07, 21:19:26 | Parameters   : 60.0 % / 60.0 kHz / 9 pls
2024-05-07, 21:19:26 | Speed & Delay: 2000.0 mm/sec / 1.0 msec / 100.0 mm/sec / 10.0 msec
2024-05-07, 21:19:26 | Origin       : X = 157.5 mm, Y = 35.8 mm
2024-05-07, 21:19:26 | Focus        : Z = 116.3 mm, D:\BNS\Backup\ezPattern\Correction\Cor_1to3_2.ctb
2024-05-07, 21:19:26 | Offset       : X = 0.0 mm, Y = 0.0 mm
2024-05-07, 21:19:26 | Thickness    : T = 0.3 mm
2024-05-07, 21:19:26 | Start Time   : 2024-05-07, 18:29:50
2024-05-07, 21:19:26 | Finish Time  : 2024-05-07, 21:19:26
2024-05-07, 21:19:26 | Process Time : 0 days, 02:49:35
2024-05-07, 21:19:26 | ----------------------------------------------------------------------
2024-05-12, 13:02:01 | Pattern Name : E:\HYPattern\JMW\5-12\YN 18502-A5.bns
2024-05-12, 13:02:01 | Parameters   : 60.0 % / 60.0 kHz / 9 pls
2024-05-12, 13:02:01 | Speed & Delay: 2000.0 mm/sec / 1.0 msec / 100.0 mm/sec / 10.0 msec
2024-05-12, 13:02:01 | Origin       : X = 157.5 mm, Y = 35.8 mm
2024-05-12, 13:02:01 | Focus        : Z = 116.3 mm, D:\BNS\Backup\ezPattern\Correction\Cor_1to3_2.ctb
2024-05-12, 13:02:01 | Offset       : X = 0.0 mm, Y = 0.0 mm
2024-05-12, 13:02:01 | Thickness    : T = 0.3 mm
2024-05-12, 13:02:01 | Start Time   : 2024-05-12, 10:08:20
2024-05-12, 13:02:01 | Finish Time  : 2024-05-12, 13:02:01
2024-05-12, 13:02:01 | Process Time : 0 days, 02:53:40
2024-05-12, 13:02:01 | ----------------------------------------------------------------------
2024-05-18, 12:09:23 | Pattern Name : E:\HYPattern\JMW\5-18\JMW-HPX17-71-2-PMMA-A6.bns
2024-05-18, 12:09:23 | Parameters   : 60.0 % / 60.0 kHz / 9 pls
2024-05-18, 12:09:23 | Speed & Delay: 2000.0 mm/sec / 1.0 msec / 100.0 mm/sec / 10.0 msec
2024-05-18, 12:09:23 | Origin       : X = 157.5 mm, Y = 35.8 mm
2024-05-18, 12:09:23 | Focus        : Z = 116.3 mm, D:\BNS\Backup\ezPattern\Correction\Cor_1to3_2.ctb
2024-05-18, 12:09:23 | Offset       : X = 0.0 mm, Y = 0.0 mm
2024-05-18, 12:09:23 | Thickness    : T = 0.3 mm
2024-05-18, 12:09:23 | Start Time   : 2024-05-18, 09:16:31
2024-05-18, 12:09:23 | Finish Time  : 2024-05-18, 12:09:23
2024-05-18, 12:09:23 | Process Time : 0 days, 02:52:52
2024-05-18, 12:09:23 | ----------------------------------------------------------------------
2024-05-18, 16:01:33 | Pattern Name : E:\HYPattern\JMW\5-18\JMW-SSD18.5-3-71-A3.bns
2024-05-18, 16:01:33 | Parameters   : 60.0 % / 60.0 kHz / 9 pls
2024-05-18, 16:01:33 | Speed & Delay: 2000.0 mm/sec / 1.0 msec / 100.0 mm/sec / 10.0 msec
2024-05-18, 16:01:33 | Origin       : X = 157.5 mm, Y = 35.8 mm
2024-05-18, 16:01:33 | Focus        : Z = 116.3 mm, D:\BNS\Backup\ezPattern\Correction\Cor_1to3_2.ctb
2024-05-18, 16:01:33 | Offset       : X = 0.0 mm, Y = 0.0 mm
2024-05-18, 16:01:33 | Thickness    : T = 0.3 mm
2024-05-18, 16:01:33 | Start Time   : 2024-05-18, 12:33:12
2024-05-18, 16:01:33 | Finish Time  : 2024-05-18, 16:01:33
2024-05-18, 16:01:33 | Process Time : 0 days, 03:28:21
2024-05-18, 16:01:33 | ----------------------------------------------------------------------
2024-05-19, 13:36:26 | Pattern Name : E:\HYPattern\JMW\5-19\JMW-RKX23.8-71-2-MS-A1.bns
2024-05-19, 13:36:26 | Parameters   : 60.0 % / 60.0 kHz / 9 pls
2024-05-19, 13:36:26 | Speed & Delay: 2000.0 mm/sec / 1.0 msec / 100.0 mm/sec / 10.0 msec
2024-05-19, 13:36:26 | Origin       : X = 157.5 mm, Y = 35.8 mm
2024-05-19, 13:36:26 | Focus        : Z = 116.3 mm, D:\BNS\Backup\ezPattern\Correction\Cor_1to3_2.ctb
2024-05-19, 13:36:26 | Offset       : X = 0.0 mm, Y = 0.0 mm
2024-05-19, 13:36:26 | Thickness    : T = 0.3 mm
2024-05-19, 13:36:26 | Start Time   : 2024-05-19, 09:26:16
2024-05-19, 13:36:26 | Finish Time  : 2024-05-19, 13:36:26
2024-05-19, 13:36:26 | Process Time : 0 days, 04:10:09
2024-05-19, 13:36:26 | ----------------------------------------------------------------------
2024-05-27, 22:45:24 | Pattern Name : E:\HYPattern\JMW\5-27\JMW-HPX17-71-2-PMMA-A7.bns
2024-05-27, 22:45:24 | Parameters   : 60.0 % / 60.0 kHz / 9 pls
2024-05-27, 22:45:24 | Speed & Delay: 2000.0 mm/sec / 1.0 msec / 100.0 mm/sec / 10.0 msec
2024-05-27, 22:45:24 | Origin       : X = 157.5 mm, Y = 35.8 mm
2024-05-27, 22:45:24 | Focus        : Z = 116.3 mm, D:\BNS\Backup\ezPattern\Correction\Cor_1to3_2.ctb
2024-05-27, 22:45:24 | Offset       : X = 0.0 mm, Y = 0.0 mm
2024-05-27, 22:45:24 | Thickness    : T = 0.3 mm
2024-05-27, 22:45:24 | Start Time   : 2024-05-27, 19:51:50
2024-05-27, 22:45:24 | Finish Time  : 2024-05-27, 22:45:24
2024-05-27, 22:45:24 | Process Time : 0 days, 02:53:33
2024-05-27, 22:45:24 | ----------------------------------------------------------------------
2024-05-29, 20:13:16 | Pattern Name : E:\HYPattern\JMW\5-27\JMW-HPX17-71-2-PMMA-A8.bns
2024-05-29, 20:13:16 | Parameters   : 60.0 % / 60.0 kHz / 9 pls
2024-05-29, 20:13:16 | Speed & Delay: 2000.0 mm/sec / 1.0 msec / 100.0 mm/sec / 10.0 msec
2024-05-29, 20:13:16 | Origin       : X = 157.5 mm, Y = 35.8 mm
2024-05-29, 20:13:16 | Focus        : Z = 116.3 mm, D:\BNS\Backup\ezPattern\Correction\Cor_1to3_2.ctb
2024-05-29, 20:13:16 | Offset       : X = 0.0 mm, Y = 0.0 mm
2024-05-29, 20:13:16 | Thickness    : T = 0.3 mm
2024-05-29, 20:13:16 | Start Time   : 2024-05-29, 17:17:20
2024-05-29, 20:13:16 | Finish Time  : 2024-05-29, 20:13:16
2024-05-29, 20:13:16 | Process Time : 0 days, 02:55:56
2024-05-29, 20:13:16 | ----------------------------------------------------------------------
2024-06-01, 00:55:38 | Pattern Name : E:\HYPattern\JMW\5-27\JMW-HPX17-71-2-PMMA-A9.bns
2024-06-01, 00:55:38 | Parameters   : 60.0 % / 60.0 kHz / 9 pls
2024-06-01, 00:55:38 | Speed & Delay: 2000.0 mm/sec / 1.0 msec / 100.0 mm/sec / 10.0 msec
2024-06-01, 00:55:38 | Origin       : X = 157.5 mm, Y = 35.8 mm
2024-06-01, 00:55:38 | Focus        : Z = 116.3 mm, D:\BNS\Backup\ezPattern\Correction\Cor_1to3_2.ctb
2024-06-01, 00:55:38 | Offset       : X = 0.0 mm, Y = 0.0 mm
2024-06-01, 00:55:38 | Thickness    : T = 0.3 mm
2024-06-01, 00:55:38 | Start Time   : 2024-05-31, 21:59:30
2024-06-01, 00:55:38 | Finish Time  : 2024-06-01, 00:55:38
2024-06-01, 00:55:38 | Process Time : 0 days, 02:56:08
2024-06-01, 00:55:38 | ----------------------------------------------------------------------
2024-06-05, 11:39:24 | Pattern Name : E:\HYPattern\JMW\5-27\JMW-HPX17-71-2-PMMA-A10.bns
2024-06-05, 11:39:24 | Parameters   : 60.0 % / 60.0 kHz / 9 pls
2024-06-05, 11:39:24 | Speed & Delay: 2000.0 mm/sec / 1.0 msec / 100.0 mm/sec / 10.0 msec
2024-06-05, 11:39:24 | Origin       : X = 157.5 mm, Y = 35.8 mm
2024-06-05, 11:39:24 | Focus        : Z = 116.3 mm, D:\BNS\Backup\ezPattern\Correction\Cor_1to3_2.ctb
2024-06-05, 11:39:24 | Offset       : X = 0.0 mm, Y = 0.0 mm
2024-06-05, 11:39:24 | Thickness    : T = 0.3 mm
2024-06-05, 11:39:24 | Start Time   : 2024-06-05, 08:44:54
2024-06-05, 11:39:24 | Finish Time  : 2024-06-05, 11:39:24
2024-06-05, 11:39:24 | Process Time : 0 days, 02:54:29
2024-06-05, 11:39:24 | ----------------------------------------------------------------------
2024-06-07, 18:57:41 | Pattern Name : E:\HYPattern\JMW\6-6\JMW-HPX27-71-2.7-MS-A1.bns
2024-06-07, 18:57:41 | Parameters   : 60.0 % / 60.0 kHz / 9 pls
2024-06-07, 18:57:41 | Speed & Delay: 2000.0 mm/sec / 1.0 msec / 100.0 mm/sec / 10.0 msec
2024-06-07, 18:57:41 | Origin       : X = 157.5 mm, Y = 35.8 mm
2024-06-07, 18:57:41 | Focus        : Z = 116.3 mm, D:\BNS\Backup\ezPattern\Correction\Cor_1to3_2.ctb
2024-06-07, 18:57:41 | Offset       : X = 0.0 mm, Y = 0.0 mm
2024-06-07, 18:57:41 | Thickness    : T = 0.3 mm
2024-06-07, 18:57:41 | Start Time   : 2024-06-07, 13:40:58
2024-06-07, 18:57:41 | Finish Time  : 2024-06-07, 18:57:41
2024-06-07, 18:57:41 | Process Time : 0 days, 05:16:43
2024-06-07, 18:57:41 | ----------------------------------------------------------------------
2024-06-07, 23:18:34 | Pattern Name : E:\HYPattern\JMW\6-6\JMW-SSD18.5-3-71-A4.bns
2024-06-07, 23:18:34 | Parameters   : 60.0 % / 60.0 kHz / 9 pls
2024-06-07, 23:18:34 | Speed & Delay: 2000.0 mm/sec / 1.0 msec / 100.0 mm/sec / 10.0 msec
2024-06-07, 23:18:34 | Origin       : X = 157.5 mm, Y = 35.8 mm
2024-06-07, 23:18:34 | Focus        : Z = 116.3 mm, D:\BNS\Backup\ezPattern\Correction\Cor_1to3_2.ctb
2024-06-07, 23:18:34 | Offset       : X = 0.0 mm, Y = 0.0 mm
2024-06-07, 23:18:34 | Thickness    : T = 0.3 mm
2024-06-07, 23:18:34 | Start Time   : 2024-06-07, 19:50:23
2024-06-07, 23:18:34 | Finish Time  : 2024-06-07, 23:18:34
2024-06-07, 23:18:34 | Process Time : 0 days, 03:28:10
2024-06-07, 23:18:34 | ----------------------------------------------------------------------
2024-06-08, 11:16:20 | Pattern Name : E:\HYPattern\JMW\6-6\JMW-XMY195-71-2-PS-A1.bns
2024-06-08, 11:16:20 | Parameters   : 60.0 % / 60.0 kHz / 9 pls
2024-06-08, 11:16:20 | Speed & Delay: 2000.0 mm/sec / 1.0 msec / 100.0 mm/sec / 10.0 msec
2024-06-08, 11:16:20 | Origin       : X = 157.5 mm, Y = 35.8 mm
2024-06-08, 11:16:20 | Focus        : Z = 116.3 mm, D:\BNS\Backup\ezPattern\Correction\Cor_1to3_2.ctb
2024-06-08, 11:16:20 | Offset       : X = 0.0 mm, Y = 0.0 mm
2024-06-08, 11:16:20 | Thickness    : T = 0.3 mm
2024-06-08, 11:16:20 | Start Time   : 2024-06-08, 08:02:27
2024-06-08, 11:16:20 | Finish Time  : 2024-06-08, 11:16:20
2024-06-08, 11:16:20 | Process Time : 0 days, 03:13:53
2024-06-08, 11:16:20 | ----------------------------------------------------------------------
2024-06-15, 18:02:27 | Pattern Name : E:\HYPattern\JMW\6-15\JMW-JX31.5-71-2.3-MS-A1-2in1.bns
2024-06-15, 18:02:27 | Parameters   : 60.0 % / 60.0 kHz / 9 pls
2024-06-15, 18:02:27 | Speed & Delay: 2000.0 mm/sec / 1.0 msec / 100.0 mm/sec / 10.0 msec
2024-06-15, 18:02:27 | Origin       : X = 157.5 mm, Y = 35.8 mm
2024-06-15, 18:02:27 | Focus        : Z = 116.3 mm, D:\BNS\Backup\ezPattern\Correction\Cor_1to3_2.ctb
2024-06-15, 18:02:27 | Offset       : X = 0.0 mm, Y = 0.0 mm
2024-06-15, 18:02:27 | Thickness    : T = 0.3 mm
2024-06-15, 18:02:27 | Start Time   : 2024-06-15, 11:05:28
2024-06-15, 18:02:27 | Finish Time  : 2024-06-15, 18:02:27
2024-06-15, 18:02:27 | Process Time : 0 days, 06:56:58
2024-06-15, 18:02:27 | ----------------------------------------------------------------------
2024-06-16, 00:10:05 | Pattern Name : E:\HYPattern\JMW\6-15\JMW-HPX27-71-2.7-MS-A2-2IN1.bns
2024-06-16, 00:10:05 | Parameters   : 60.0 % / 60.0 kHz / 9 pls
2024-06-16, 00:10:05 | Speed & Delay: 2000.0 mm/sec / 1.0 msec / 100.0 mm/sec / 10.0 msec
2024-06-16, 00:10:05 | Origin       : X = 157.5 mm, Y = 35.8 mm
2024-06-16, 00:10:05 | Focus        : Z = 116.3 mm, D:\BNS\Backup\ezPattern\Correction\Cor_1to3_2.ctb
2024-06-16, 00:10:05 | Offset       : X = 0.0 mm, Y = 0.0 mm
2024-06-16, 00:10:05 | Thickness    : T = 0.3 mm
2024-06-16, 00:10:05 | Start Time   : 2024-06-15, 18:36:19
2024-06-16, 00:10:05 | Finish Time  : 2024-06-16, 00:10:05
2024-06-16, 00:10:05 | Process Time : 0 days, 05:33:46
2024-06-16, 00:10:05 | ----------------------------------------------------------------------
2024-06-28, 19:35:45 | Pattern Name : E:\HYPattern\JMW\6-28\JMW-XMY19-71-2-PS-A1.bns
2024-06-28, 19:35:45 | Parameters   : 60.0 % / 60.0 kHz / 9 pls
2024-06-28, 19:35:45 | Speed & Delay: 2000.0 mm/sec / 1.0 msec / 100.0 mm/sec / 10.0 msec
2024-06-28, 19:35:45 | Origin       : X = 157.5 mm, Y = 35.8 mm
2024-06-28, 19:35:45 | Focus        : Z = 116.3 mm, D:\BNS\Backup\ezPattern\Correction\Cor_1to3_2.ctb
2024-06-28, 19:35:45 | Offset       : X = 0.0 mm, Y = 0.0 mm
2024-06-28, 19:35:45 | Thickness    : T = 0.3 mm
2024-06-28, 19:35:45 | Start Time   : 2024-06-28, 16:22:57
2024-06-28, 19:35:45 | Finish Time  : 2024-06-28, 19:35:45
2024-06-28, 19:35:45 | Process Time : 0 days, 03:12:48
2024-06-28, 19:35:45 | ----------------------------------------------------------------------
2024-06-29, 11:43:15 | Pattern Name : E:\HYPattern\JMW\6-28\JMW-XMY195-71-2-PS-A2.bns
2024-06-29, 11:43:15 | Parameters   : 60.0 % / 60.0 kHz / 9 pls
2024-06-29, 11:43:15 | Speed & Delay: 2000.0 mm/sec / 1.0 msec / 100.0 mm/sec / 10.0 msec
2024-06-29, 11:43:15 | Origin       : X = 157.5 mm, Y = 35.8 mm
2024-06-29, 11:43:15 | Focus        : Z = 116.3 mm, D:\BNS\Backup\ezPattern\Correction\Cor_1to3_2.ctb
2024-06-29, 11:43:15 | Offset       : X = 0.0 mm, Y = 0.0 mm
2024-06-29, 11:43:15 | Thickness    : T = 0.3 mm
2024-06-29, 11:43:15 | Start Time   : 2024-06-29, 08:29:08
2024-06-29, 11:43:15 | Finish Time  : 2024-06-29, 11:43:15
2024-06-29, 11:43:15 | Process Time : 0 days, 03:14:07
2024-06-29, 11:43:15 | ----------------------------------------------------------------------
2024-06-29, 19:05:28 | Pattern Name : E:\HYPattern\JMW\6-28\JMW-XMY236-71-2-PS-A1.bns
2024-06-29, 19:05:28 | Parameters   : 60.0 % / 60.0 kHz / 9 pls
2024-06-29, 19:05:28 | Speed & Delay: 2000.0 mm/sec / 1.0 msec / 100.0 mm/sec / 10.0 msec
2024-06-29, 19:05:28 | Origin       : X = 157.5 mm, Y = 35.8 mm
2024-06-29, 19:05:28 | Focus        : Z = 116.3 mm, D:\BNS\Backup\ezPattern\Correction\Cor_1to3_2.ctb
2024-06-29, 19:05:28 | Offset       : X = 0.0 mm, Y = 0.0 mm
2024-06-29, 19:05:28 | Thickness    : T = 0.3 mm
2024-06-29, 19:05:28 | Start Time   : 2024-06-29, 14:48:51
2024-06-29, 19:05:28 | Finish Time  : 2024-06-29, 19:05:28
2024-06-29, 19:05:28 | Process Time : 0 days, 04:16:37
2024-06-29, 19:05:28 | ----------------------------------------------------------------------
2024-07-06, 13:35:34 | Pattern Name : E:\HYPattern\JMW\7-1\JMW-HL17-71-2.3-MS-A1.bns
2024-07-06, 13:35:34 | Parameters   : 60.0 % / 60.0 kHz / 9 pls
2024-07-06, 13:35:34 | Speed & Delay: 2000.0 mm/sec / 1.0 msec / 100.0 mm/sec / 10.0 msec
2024-07-06, 13:35:34 | Origin       : X = 157.5 mm, Y = 35.8 mm
2024-07-06, 13:35:34 | Focus        : Z = 116.3 mm, D:\BNS\Backup\ezPattern\Correction\Cor_1to3_2.ctb
2024-07-06, 13:35:34 | Offset       : X = 0.0 mm, Y = 0.0 mm
2024-07-06, 13:35:34 | Thickness    : T = 0.3 mm
2024-07-06, 13:35:34 | Start Time   : 2024-07-06, 11:12:38
2024-07-06, 13:35:34 | Finish Time  : 2024-07-06, 13:35:34
2024-07-06, 13:35:34 | Process Time : 0 days, 02:22:56
2024-07-06, 13:35:34 | ----------------------------------------------------------------------
2024-07-06, 16:52:24 | Pattern Name : E:\HYPattern\JMW\7-1\YN 18502-A5.bns
2024-07-06, 16:52:24 | Parameters   : 60.0 % / 60.0 kHz / 9 pls
2024-07-06, 16:52:24 | Speed & Delay: 2000.0 mm/sec / 1.0 msec / 100.0 mm/sec / 10.0 msec
2024-07-06, 16:52:24 | Origin       : X = 157.5 mm, Y = 35.8 mm
2024-07-06, 16:52:24 | Focus        : Z = 116.3 mm, D:\BNS\Backup\ezPattern\Correction\Cor_1to3_2.ctb
2024-07-06, 16:52:24 | Offset       : X = 0.0 mm, Y = 0.0 mm
2024-07-06, 16:52:24 | Thickness    : T = 0.3 mm
2024-07-06, 16:52:24 | Start Time   : 2024-07-06, 13:58:44
2024-07-06, 16:52:24 | Finish Time  : 2024-07-06, 16:52:24
2024-07-06, 16:52:24 | Process Time : 0 days, 02:53:40
2024-07-06, 16:52:24 | ----------------------------------------------------------------------
2024-07-23, 14:08:25 | Pattern Name : E:\HYPattern\JMW\7-17\JMW-DZM23.8-71-2-PS-A4.bns
2024-07-23, 14:08:25 | Parameters   : 60.0 % / 60.0 kHz / 9 pls
2024-07-23, 14:08:25 | Speed & Delay: 2000.0 mm/sec / 1.0 msec / 100.0 mm/sec / 10.0 msec
2024-07-23, 14:08:25 | Origin       : X = 157.5 mm, Y = 35.8 mm
2024-07-23, 14:08:25 | Focus        : Z = 116.3 mm, D:\BNS\Backup\ezPattern\Correction\Cor_1to3_2.ctb
2024-07-23, 14:08:25 | Offset       : X = 0.0 mm, Y = 0.0 mm
2024-07-23, 14:08:25 | Thickness    : T = 0.3 mm
2024-07-23, 14:08:25 | Start Time   : 2024-07-23, 09:52:46
2024-07-23, 14:08:25 | Finish Time  : 2024-07-23, 14:08:25
2024-07-23, 14:08:25 | Process Time : 0 days, 04:15:38
2024-07-23, 14:08:25 | ----------------------------------------------------------------------
2024-08-03, 18:51:20 | Pattern Name : E:\HYPattern\JMW\8-3\JMW-XMY236-71-2-PS-A2.bns
2024-08-03, 18:51:20 | Parameters   : 60.0 % / 60.0 kHz / 9 pls
2024-08-03, 18:51:20 | Speed & Delay: 2000.0 mm/sec / 1.0 msec / 100.0 mm/sec / 10.0 msec
2024-08-03, 18:51:20 | Origin       : X = 157.5 mm, Y = 35.8 mm
2024-08-03, 18:51:20 | Focus        : Z = 116.3 mm, D:\BNS\Backup\ezPattern\Correction\Cor_1to3_2.ctb
2024-08-03, 18:51:20 | Offset       : X = 0.0 mm, Y = 0.0 mm
2024-08-03, 18:51:20 | Thickness    : T = 0.3 mm
2024-08-03, 18:51:20 | Start Time   : 2024-08-03, 14:32:38
2024-08-03, 18:51:20 | Finish Time  : 2024-08-03, 18:51:20
2024-08-03, 18:51:20 | Process Time : 0 days, 04:18:42
2024-08-03, 18:51:20 | ----------------------------------------------------------------------
2024-08-09, 15:20:17 | Pattern Name : E:\HYPattern\JMW\8-8\JMW-XMY236-71-2-PS-A3.bns
2024-08-09, 15:20:17 | Parameters   : 60.0 % / 60.0 kHz / 9 pls
2024-08-09, 15:20:17 | Speed & Delay: 2000.0 mm/sec / 1.0 msec / 100.0 mm/sec / 10.0 msec
2024-08-09, 15:20:17 | Origin       : X = 157.5 mm, Y = 35.8 mm
2024-08-09, 15:20:17 | Focus        : Z = 116.3 mm, D:\BNS\Backup\ezPattern\Correction\Cor_1to3_2.ctb
2024-08-09, 15:20:17 | Offset       : X = 0.0 mm, Y = 0.0 mm
2024-08-09, 15:20:17 | Thickness    : T = 0.3 mm
2024-08-09, 15:20:17 | Start Time   : 2024-08-09, 11:03:57
2024-08-09, 15:20:17 | Finish Time  : 2024-08-09, 15:20:17
2024-08-09, 15:20:17 | Process Time : 0 days, 04:16:20
2024-08-09, 15:20:17 | ----------------------------------------------------------------------
2024-08-13, 16:38:23 | Pattern Name : E:\HYPattern\JMW\8-13\JZTHH320B-2T-MS-A1.bns
2024-08-13, 16:38:23 | Parameters   : 60.0 % / 60.0 kHz / 9 pls
2024-08-13, 16:38:23 | Speed & Delay: 2000.0 mm/sec / 1.0 msec / 100.0 mm/sec / 10.0 msec
2024-08-13, 16:38:23 | Origin       : X = 157.5 mm, Y = 35.8 mm
2024-08-13, 16:38:23 | Focus        : Z = 116.3 mm, D:\BNS\Backup\ezPattern\Correction\Cor_1to3_2.ctb
2024-08-13, 16:38:23 | Offset       : X = 0.0 mm, Y = 0.0 mm
2024-08-13, 16:38:23 | Thickness    : T = 0.3 mm
2024-08-13, 16:38:23 | Start Time   : 2024-08-13, 09:51:40
2024-08-13, 16:38:23 | Finish Time  : 2024-08-13, 16:38:23
2024-08-13, 16:38:23 | Process Time : 0 days, 06:46:42
2024-08-13, 16:38:23 | ----------------------------------------------------------------------
2024-08-14, 15:18:37 | Pattern Name : E:\HYPattern\JMW\8-13\JYN23.6YN1-001-2.5T-PMMA-A1.bns
2024-08-14, 15:18:37 | Parameters   : 60.0 % / 60.0 kHz / 9 pls
2024-08-14, 15:18:37 | Speed & Delay: 2000.0 mm/sec / 1.0 msec / 100.0 mm/sec / 10.0 msec
2024-08-14, 15:18:37 | Origin       : X = 157.5 mm, Y = 35.8 mm
2024-08-14, 15:18:37 | Focus        : Z = 116.3 mm, D:\BNS\Backup\ezPattern\Correction\Cor_1to3_2.ctb
2024-08-14, 15:18:37 | Offset       : X = 0.0 mm, Y = 0.0 mm
2024-08-14, 15:18:37 | Thickness    : T = 0.3 mm
2024-08-14, 15:18:37 | Start Time   : 2024-08-14, 10:52:11
2024-08-14, 15:18:37 | Finish Time  : 2024-08-14, 15:18:37
2024-08-14, 15:18:37 | Process Time : 0 days, 04:26:25
2024-08-14, 15:18:37 | ----------------------------------------------------------------------
2024-08-17, 13:51:14 | Pattern Name : E:\HYPattern\JMW\8-16\JYN23.6YN1-001-2.5T-PMMA-A2.bns
2024-08-17, 13:51:14 | Parameters   : 60.0 % / 60.0 kHz / 9 pls
2024-08-17, 13:51:14 | Speed & Delay: 2000.0 mm/sec / 1.0 msec / 100.0 mm/sec / 10.0 msec
2024-08-17, 13:51:14 | Origin       : X = 157.5 mm, Y = 35.8 mm
2024-08-17, 13:51:14 | Focus        : Z = 116.3 mm, D:\BNS\Backup\ezPattern\Correction\Cor_1to3_2.ctb
2024-08-17, 13:51:14 | Offset       : X = 0.0 mm, Y = 0.0 mm
2024-08-17, 13:51:14 | Thickness    : T = 0.3 mm
2024-08-17, 13:51:14 | Start Time   : 2024-08-17, 09:18:21
2024-08-17, 13:51:14 | Finish Time  : 2024-08-17, 13:51:14
2024-08-17, 13:51:14 | Process Time : 0 days, 04:32:52
2024-08-17, 13:51:14 | ----------------------------------------------------------------------
2024-08-18, 03:21:29 | Pattern Name : E:\HYPattern\JMW\8-16\JMW-JX31.5-71-2.3-MS-A2.bns
2024-08-18, 03:21:29 | Parameters   : 60.0 % / 60.0 kHz / 9 pls
2024-08-18, 03:21:29 | Speed & Delay: 2000.0 mm/sec / 1.0 msec / 100.0 mm/sec / 10.0 msec
2024-08-18, 03:21:29 | Origin       : X = 157.5 mm, Y = 35.8 mm
2024-08-18, 03:21:29 | Focus        : Z = 116.3 mm, D:\BNS\Backup\ezPattern\Correction\Cor_1to3_2.ctb
2024-08-18, 03:21:29 | Offset       : X = 0.0 mm, Y = 0.0 mm
2024-08-18, 03:21:29 | Thickness    : T = 0.3 mm
2024-08-18, 03:21:29 | Start Time   : 2024-08-17, 20:27:27
2024-08-18, 03:21:29 | Finish Time  : 2024-08-18, 03:21:29
2024-08-18, 03:21:29 | Process Time : 0 days, 06:54:02
2024-08-18, 03:21:29 | ----------------------------------------------------------------------
2024-08-18, 23:26:36 | Pattern Name : E:\HYPattern\JMW\8-16\JDLYN01  27-2.3T-MS-A1.bns
2024-08-18, 23:26:36 | Parameters   : 60.0 % / 60.0 kHz / 9 pls
2024-08-18, 23:26:36 | Speed & Delay: 2000.0 mm/sec / 1.0 msec / 100.0 mm/sec / 10.0 msec
2024-08-18, 23:26:36 | Origin       : X = 157.5 mm, Y = 35.8 mm
2024-08-18, 23:26:36 | Focus        : Z = 116.3 mm, D:\BNS\Backup\ezPattern\Correction\Cor_1to3_2.ctb
2024-08-18, 23:26:36 | Offset       : X = 0.0 mm, Y = 0.0 mm
2024-08-18, 23:26:36 | Thickness    : T = 0.3 mm
2024-08-18, 23:26:36 | Start Time   : 2024-08-18, 18:05:00
2024-08-18, 23:26:36 | Finish Time  : 2024-08-18, 23:26:36
2024-08-18, 23:26:36 | Process Time : 0 days, 05:21:36
2024-08-18, 23:26:36 | ----------------------------------------------------------------------
2024-08-24, 00:57:54 | Pattern Name : E:\HYPattern\JMW\8-23\JYN23.6YN1-001-2.5T-PMMA-A3.bns
2024-08-24, 00:57:54 | Parameters   : 60.0 % / 60.0 kHz / 9 pls
2024-08-24, 00:57:54 | Speed & Delay: 2000.0 mm/sec / 1.0 msec / 100.0 mm/sec / 10.0 msec
2024-08-24, 00:57:54 | Origin       : X = 157.5 mm, Y = 35.8 mm
2024-08-24, 00:57:54 | Focus        : Z = 116.3 mm, D:\BNS\Backup\ezPattern\Correction\Cor_1to3_2.ctb
2024-08-24, 00:57:54 | Offset       : X = 0.0 mm, Y = 0.0 mm
2024-08-24, 00:57:54 | Thickness    : T = 0.3 mm
2024-08-24, 00:57:54 | Start Time   : 2024-08-23, 20:15:13
2024-08-24, 00:57:54 | Finish Time  : 2024-08-24, 00:57:54
2024-08-24, 00:57:54 | Process Time : 0 days, 04:42:40
2024-08-24, 00:57:54 | ----------------------------------------------------------------------
2024-08-30, 01:53:55 | Pattern Name : E:\HYPattern\JMW\8-29\JZK 270-001-2T-MS-A1.bns
2024-08-30, 01:53:55 | Parameters   : 60.0 % / 60.0 kHz / 9 pls
2024-08-30, 01:53:55 | Speed & Delay: 2000.0 mm/sec / 1.0 msec / 100.0 mm/sec / 10.0 msec
2024-08-30, 01:53:55 | Origin       : X = 157.5 mm, Y = 35.8 mm
2024-08-30, 01:53:55 | Focus        : Z = 116.3 mm, D:\BNS\Backup\ezPattern\Correction\Cor_1to3_2.ctb
2024-08-30, 01:53:55 | Offset       : X = 0.0 mm, Y = 0.0 mm
2024-08-30, 01:53:55 | Thickness    : T = 0.3 mm
2024-08-30, 01:53:55 | Start Time   : 2024-08-29, 20:46:14
2024-08-30, 01:53:55 | Finish Time  : 2024-08-30, 01:53:55
2024-08-30, 01:53:55 | Process Time : 0 days, 05:07:41
2024-08-30, 01:53:55 | ----------------------------------------------------------------------
2024-09-03, 15:57:04 | Pattern Name : E:\HYPattern\JMW\9-3\JZTHH320B-2T-MS-A2.bns
2024-09-03, 15:57:04 | Parameters   : 60.0 % / 60.0 kHz / 9 pls
2024-09-03, 15:57:04 | Speed & Delay: 2000.0 mm/sec / 1.0 msec / 100.0 mm/sec / 10.0 msec
2024-09-03, 15:57:04 | Origin       : X = 157.5 mm, Y = 35.8 mm
2024-09-03, 15:57:04 | Focus        : Z = 116.3 mm, D:\BNS\Backup\ezPattern\Correction\Cor_1to3_2.ctb
2024-09-03, 15:57:04 | Offset       : X = 0.0 mm, Y = 0.0 mm
2024-09-03, 15:57:04 | Thickness    : T = 0.3 mm
2024-09-03, 15:57:04 | Start Time   : 2024-09-03, 09:10:57
2024-09-03, 15:57:04 | Finish Time  : 2024-09-03, 15:57:04
2024-09-03, 15:57:04 | Process Time : 0 days, 06:46:07
2024-09-03, 15:57:04 | ----------------------------------------------------------------------
2024-09-04, 00:03:21 | Pattern Name : E:\HYPattern\JMW\9-3\JMW-JX31.5-71-2.3-MS-A3.bns
2024-09-04, 00:03:21 | Parameters   : 60.0 % / 60.0 kHz / 9 pls
2024-09-04, 00:03:21 | Speed & Delay: 2000.0 mm/sec / 1.0 msec / 100.0 mm/sec / 10.0 msec
2024-09-04, 00:03:21 | Origin       : X = 157.5 mm, Y = 35.8 mm
2024-09-04, 00:03:21 | Focus        : Z = 116.3 mm, D:\BNS\Backup\ezPattern\Correction\Cor_1to3_2.ctb
2024-09-04, 00:03:21 | Offset       : X = 0.0 mm, Y = 0.0 mm
2024-09-04, 00:03:21 | Thickness    : T = 0.3 mm
2024-09-04, 00:03:21 | Start Time   : 2024-09-03, 17:08:50
2024-09-04, 00:03:21 | Finish Time  : 2024-09-04, 00:03:21
2024-09-04, 00:03:21 | Process Time : 0 days, 06:54:31
2024-09-04, 00:03:21 | ----------------------------------------------------------------------
2024-09-07, 20:58:08 | Pattern Name : E:\HYPattern\JMW\9-6\JZK 270-001-2T-MS-A2.bns
2024-09-07, 20:58:08 | Parameters   : 60.0 % / 60.0 kHz / 9 pls
2024-09-07, 20:58:08 | Speed & Delay: 2000.0 mm/sec / 1.0 msec / 100.0 mm/sec / 10.0 msec
2024-09-07, 20:58:08 | Origin       : X = 157.5 mm, Y = 35.8 mm
2024-09-07, 20:58:08 | Focus        : Z = 116.3 mm, D:\BNS\Backup\ezPattern\Correction\Cor_1to3_2.ctb
2024-09-07, 20:58:08 | Offset       : X = 0.0 mm, Y = 0.0 mm
2024-09-07, 20:58:08 | Thickness    : T = 0.3 mm
2024-09-07, 20:58:08 | Start Time   : 2024-09-07, 15:49:45
2024-09-07, 20:58:08 | Finish Time  : 2024-09-07, 20:58:08
2024-09-07, 20:58:08 | Process Time : 0 days, 05:08:22
2024-09-07, 20:58:08 | ----------------------------------------------------------------------
2024-09-13, 19:49:29 | Pattern Name : E:\HYPattern\JMW\9-13\JMW-HL17-71-2.3-MS-A2.bns
2024-09-13, 19:49:29 | Parameters   : 60.0 % / 60.0 kHz / 9 pls
2024-09-13, 19:49:29 | Speed & Delay: 2000.0 mm/sec / 1.0 msec / 100.0 mm/sec / 10.0 msec
2024-09-13, 19:49:29 | Origin       : X = 157.5 mm, Y = 35.8 mm
2024-09-13, 19:49:29 | Focus        : Z = 116.3 mm, D:\BNS\Backup\ezPattern\Correction\Cor_1to3_2.ctb
2024-09-13, 19:49:29 | Offset       : X = 0.0 mm, Y = 0.0 mm
2024-09-13, 19:49:29 | Thickness    : T = 0.3 mm
2024-09-13, 19:49:29 | Start Time   : 2024-09-13, 17:22:41
2024-09-13, 19:49:29 | Finish Time  : 2024-09-13, 19:49:29
2024-09-13, 19:49:29 | Process Time : 0 days, 02:26:48
2024-09-13, 19:49:29 | ----------------------------------------------------------------------
2024-09-18, 17:36:44 | Pattern Name : E:\HYPattern\JMW\9-18\JMW-HL17-71-2.3-MS-A3.bns
2024-09-18, 17:36:44 | Parameters   : 60.0 % / 60.0 kHz / 9 pls
2024-09-18, 17:36:44 | Speed & Delay: 2000.0 mm/sec / 1.0 msec / 100.0 mm/sec / 10.0 msec
2024-09-18, 17:36:44 | Origin       : X = 157.5 mm, Y = 35.8 mm
2024-09-18, 17:36:44 | Focus        : Z = 116.3 mm, D:\BNS\Backup\ezPattern\Correction\Cor_1to3_2.ctb
2024-09-18, 17:36:44 | Offset       : X = 0.0 mm, Y = 0.0 mm
2024-09-18, 17:36:44 | Thickness    : T = 0.3 mm
2024-09-18, 17:36:44 | Start Time   : 2024-09-18, 15:06:14
2024-09-18, 17:36:44 | Finish Time  : 2024-09-18, 17:36:44
2024-09-18, 17:36:44 | Process Time : 0 days, 02:30:29
2024-09-18, 17:36:44 | ----------------------------------------------------------------------
2024-10-01, 23:05:20 | Pattern Name : E:\HYPattern\JMW\10-1\JZK 315-71-2T-MS-A1.bns
2024-10-01, 23:05:20 | Parameters   : 60.0 % / 60.0 kHz / 9 pls
2024-10-01, 23:05:20 | Speed & Delay: 2000.0 mm/sec / 1.0 msec / 100.0 mm/sec / 10.0 msec
2024-10-01, 23:05:20 | Origin       : X = 157.5 mm, Y = 35.8 mm
2024-10-01, 23:05:20 | Focus        : Z = 116.3 mm, D:\BNS\Backup\ezPattern\Correction\Cor_1to3_2.ctb
2024-10-01, 23:05:20 | Offset       : X = 0.0 mm, Y = 0.0 mm
2024-10-01, 23:05:20 | Thickness    : T = 0.3 mm
2024-10-01, 23:05:20 | Start Time   : 2024-10-01, 16:33:00
2024-10-01, 23:05:20 | Finish Time  : 2024-10-01, 23:05:20
2024-10-01, 23:05:20 | Process Time : 0 days, 06:32:19
2024-10-01, 23:05:20 | ----------------------------------------------------------------------
2024-10-03, 15:04:27 | Pattern Name : E:\HYPattern\JMW\10-1\JMW-DZM23.8-71-2-PS-A4.bns
2024-10-03, 15:04:27 | Parameters   : 60.0 % / 60.0 kHz / 9 pls
2024-10-03, 15:04:27 | Speed & Delay: 2000.0 mm/sec / 1.0 msec / 100.0 mm/sec / 10.0 msec
2024-10-03, 15:04:27 | Origin       : X = 157.5 mm, Y = 35.8 mm
2024-10-03, 15:04:27 | Focus        : Z = 116.3 mm, D:\BNS\Backup\ezPattern\Correction\Cor_1to3_2.ctb
2024-10-03, 15:04:27 | Offset       : X = 0.0 mm, Y = 0.0 mm
2024-10-03, 15:04:27 | Thickness    : T = 0.3 mm
2024-10-03, 15:04:27 | Start Time   : 2024-10-03, 10:49:01
2024-10-03, 15:04:27 | Finish Time  : 2024-10-03, 15:04:27
2024-10-03, 15:04:27 | Process Time : 0 days, 04:15:25
2024-10-03, 15:04:27 | ----------------------------------------------------------------------
2024-10-14, 00:06:06 | Pattern Name : E:\HYPattern\JMW\10-1\JMW-YN21.5-71-2-MS-A4.bns
2024-10-14, 00:06:06 | Parameters   : 60.0 % / 60.0 kHz / 9 pls
2024-10-14, 00:06:06 | Speed & Delay: 2000.0 mm/sec / 1.0 msec / 100.0 mm/sec / 10.0 msec
2024-10-14, 00:06:06 | Origin       : X = 157.5 mm, Y = 35.8 mm
2024-10-14, 00:06:06 | Focus        : Z = 116.3 mm, D:\BNS\Backup\ezPattern\Correction\Cor_1to3_2.ctb
2024-10-14, 00:06:06 | Offset       : X = 0.0 mm, Y = 0.0 mm
2024-10-14, 00:06:06 | Thickness    : T = 0.3 mm
2024-10-14, 00:06:06 | Start Time   : 2024-10-13, 20:14:53
2024-10-14, 00:06:06 | Finish Time  : 2024-10-14, 00:06:06
2024-10-14, 00:06:06 | Process Time : 0 days, 03:51:12
2024-10-14, 00:06:06 | ----------------------------------------------------------------------
2024-11-01, 12:01:25 | Pattern Name : E:\HYPattern\JMW\11-1\JMW-SSD18.5-3-71-A5.bns
2024-11-01, 12:01:25 | Parameters   : 60.0 % / 60.0 kHz / 9 pls
2024-11-01, 12:01:25 | Speed & Delay: 2000.0 mm/sec / 1.0 msec / 100.0 mm/sec / 10.0 msec
2024-11-01, 12:01:25 | Origin       : X = 157.5 mm, Y = 35.8 mm
2024-11-01, 12:01:25 | Focus        : Z = 116.3 mm, D:\BNS\Backup\ezPattern\Correction\Cor_1to3_2.ctb
2024-11-01, 12:01:25 | Offset       : X = 0.0 mm, Y = 0.0 mm
2024-11-01, 12:01:25 | Thickness    : T = 0.3 mm
2024-11-01, 12:01:25 | Start Time   : 2024-11-01, 08:33:10
2024-11-01, 12:01:25 | Finish Time  : 2024-11-01, 12:01:25
2024-11-01, 12:01:25 | Process Time : 0 days, 03:28:14
2024-11-01, 12:01:25 | ----------------------------------------------------------------------
2024-11-22, 15:02:31 | Pattern Name : E:\HYPattern\JMW\11-22\JZTHH185-71-2T-MS-A1.bns
2024-11-22, 15:02:31 | Parameters   : 60.0 % / 60.0 kHz / 9 pls
2024-11-22, 15:02:31 | Speed & Delay: 2000.0 mm/sec / 1.0 msec / 100.0 mm/sec / 10.0 msec
2024-11-22, 15:02:31 | Origin       : X = 157.5 mm, Y = 35.8 mm
2024-11-22, 15:02:31 | Focus        : Z = 116.3 mm, D:\BNS\Backup\ezPattern\Correction\Cor_1to3_2.ctb
2024-11-22, 15:02:31 | Offset       : X = 0.0 mm, Y = 0.0 mm
2024-11-22, 15:02:31 | Thickness    : T = 0.3 mm
2024-11-22, 15:02:31 | Start Time   : 2024-11-22, 12:10:18
2024-11-22, 15:02:31 | Finish Time  : 2024-11-22, 15:02:31
2024-11-22, 15:02:31 | Process Time : 0 days, 02:52:12
2024-11-22, 15:02:31 | ----------------------------------------------------------------------
2024-12-02, 18:01:41 | Pattern Name : E:\HYPattern\JMW\12-2\JMW-SSD18.5-3-71-A6.bns
2024-12-02, 18:01:41 | Parameters   : 60.0 % / 60.0 kHz / 9 pls
2024-12-02, 18:01:41 | Speed & Delay: 2000.0 mm/sec / 1.0 msec / 100.0 mm/sec / 10.0 msec
2024-12-02, 18:01:41 | Origin       : X = 157.5 mm, Y = 35.8 mm
2024-12-02, 18:01:41 | Focus        : Z = 116.3 mm, D:\BNS\Backup\ezPattern\Correction\Cor_1to3_2.ctb
2024-12-02, 18:01:41 | Offset       : X = 0.0 mm, Y = 0.0 mm
2024-12-02, 18:01:41 | Thickness    : T = 0.3 mm
2024-12-02, 18:01:41 | Start Time   : 2024-12-02, 14:31:47
2024-12-02, 18:01:41 | Finish Time  : 2024-12-02, 18:01:41
2024-12-02, 18:01:41 | Process Time : 0 days, 03:29:53
2024-12-02, 18:01:41 | ----------------------------------------------------------------------
